#
# There is insufficient memory for the Java Runtime Environment to continue.
# Native memory allocation (malloc) failed to allocate 55050240 bytes for committing reserved memory.
# Possible reasons:
#   The system is out of physical RAM or swap space
#   In 32 bit mode, the process size limit was hit
# Possible solutions:
#   Reduce memory load on the system
#   Increase physical memory or swap space
#   Check if swap backing store is full
#   Use 64 bit Java on a 64 bit OS
#   Decrease Java heap size (-Xmx/-Xms)
#   Decrease number of Java threads
#   Decrease Java thread stack sizes (-Xss)
#   Set larger code cache with -XX:ReservedCodeCacheSize=
# This output file may be truncated or incomplete.
#
#  Out of Memory Error (os_linux.cpp:2827), pid=12234, tid=139880788416256
#
# JRE version: OpenJDK Runtime Environment (7.0_91-b02) (build 1.7.0_91-b02)
# Java VM: OpenJDK 64-Bit Server VM (24.91-b01 mixed mode linux-amd64 compressed oops)
# Derivative: IcedTea 2.6.3
# Distribution: Ubuntu 14.04 LTS, package 7u91-2.6.3-0ubuntu0.14.04.1
# Failed to write core dump. Core dumps have been disabled. To enable core dumping, try "ulimit -c unlimited" before starting Java again
#

---------------  T H R E A D  ---------------

Current thread (0x00007f3884076000):  VMThread [stack: 0x00007f3888a45000,0x00007f3888b46000] [id=12272]

Stack: [0x00007f3888a45000,0x00007f3888b46000],  sp=0x00007f3888b44490,  free space=1021k
Native frames: (J=compiled Java code, j=interpreted, Vv=VM code, C=native code)
V  [libjvm.so+0x953e15]  VMError::report_and_die()+0x175
V  [libjvm.so+0x48fd94]  report_vm_out_of_memory(char const*, int, unsigned long, char const*)+0x74
V  [libjvm.so+0x7cf87b]  os::pd_commit_memory(char*, unsigned long, unsigned long, bool)+0xeb
V  [libjvm.so+0x7ca33f]  os::commit_memory(char*, unsigned long, unsigned long, bool)+0x1f
V  [libjvm.so+0x83dacb]  PSVirtualSpace::expand_by(unsigned long)+0x5b
V  [libjvm.so+0x83e930]  PSYoungGen::resize_generation(unsigned long, unsigned long)+0xb0
V  [libjvm.so+0x83f01b]  PSYoungGen::resize(unsigned long, unsigned long)+0x1b
V  [libjvm.so+0x83b258]  PSScavenge::invoke_no_policy()+0xd68
V  [libjvm.so+0x83bac8]  PSScavenge::invoke()+0x38
V  [libjvm.so+0x7f2083]  ParallelScavengeHeap::failed_mem_allocate(unsigned long)+0x63
V  [libjvm.so+0x955814]  VM_ParallelGCFailedAllocation::doit()+0x84
V  [libjvm.so+0x959917]  VM_Operation::evaluate()+0x47
V  [libjvm.so+0x9583d8]  VMThread::evaluate_operation(VM_Operation*)+0x318
V  [libjvm.so+0x958839]  VMThread::loop()+0x219
V  [libjvm.so+0x958c82]  VMThread::run()+0x72
V  [libjvm.so+0x7cc742]  java_start(Thread*)+0xf2

VM_Operation (0x00007f3878d400b0): ParallelGCFailedAllocation, mode: safepoint, requested by thread 0x00007f38841e6800


---------------  P R O C E S S  ---------------

Java Threads: ( => current thread )
  0x00007f38841e6800 JavaThread "pool-1-thread-2" [_thread_blocked, id=12319, stack(0x00007f3878c41000,0x00007f3878d42000)]
  0x00007f38841da800 JavaThread "pool-2-thread-1" [_thread_blocked, id=12317, stack(0x00007f3878d42000,0x00007f3878e43000)]
  0x00007f38840af800 JavaThread "Service Thread" daemon [_thread_blocked, id=12299, stack(0x00007f3880cfd000,0x00007f3880dfe000)]
  0x00007f38840ad800 JavaThread "C2 CompilerThread1" daemon [_thread_blocked, id=12297, stack(0x00007f3880dfe000,0x00007f3880eff000)]
  0x00007f38840aa800 JavaThread "C2 CompilerThread0" daemon [_thread_blocked, id=12290, stack(0x00007f3880eff000,0x00007f3881000000)]
  0x00007f38840a8800 JavaThread "Signal Dispatcher" daemon [_thread_blocked, id=12286, stack(0x00007f388805f000,0x00007f3888160000)]
  0x00007f388407c800 JavaThread "Finalizer" daemon [_thread_blocked, id=12282, stack(0x00007f3888843000,0x00007f3888944000)]
  0x00007f388407a000 JavaThread "Reference Handler" daemon [_thread_blocked, id=12275, stack(0x00007f3888944000,0x00007f3888a45000)]
  0x00007f388400a800 JavaThread "main" [_thread_blocked, id=12246, stack(0x00007f388dc0f000,0x00007f388dd10000)]

Other Threads:
=>0x00007f3884076000 VMThread [stack: 0x00007f3888a45000,0x00007f3888b46000] [id=12272]
  0x00007f38840ba800 WatcherThread [stack: 0x00007f3880bfc000,0x00007f3880cfd000] [id=12301]

VM state:at safepoint (normal execution)

VM Mutex/Monitor currently owned by a thread:  ([mutex/lock_event])
[0x00007f3884006a40] Threads_lock - owner thread: 0x00007f3884076000
[0x00007f3884006f40] Heap_lock - owner thread: 0x00007f38841e6800

Heap
 PSYoungGen      total 180224K, used 42496K [0x00000000eaa80000, 0x00000000f9f00000, 0x0000000100000000)
  eden space 137728K, 0% used [0x00000000eaa80000,0x00000000eaa80000,0x00000000f3100000)
  from space 42496K, 100% used [0x00000000f3100000,0x00000000f5a80000,0x00000000f5a80000)
  to   space 32256K, 0% used [0x00000000f5a80000,0x00000000f5a80000,0x00000000f7a00000)
 ParOldGen       total 138752K, used 134124K [0x00000000c0000000, 0x00000000c8780000, 0x00000000eaa80000)
  object space 138752K, 96% used [0x00000000c0000000,0x00000000c82fb220,0x00000000c8780000)
 PSPermGen       total 21504K, used 6430K [0x00000000b5a00000, 0x00000000b6f00000, 0x00000000c0000000)
  object space 21504K, 29% used [0x00000000b5a00000,0x00000000b6047840,0x00000000b6f00000)

Card table byte_map: [0x00007f388a5ee000,0x00007f388a842000] byte_map_base: 0x00007f388a041000

Polling page: 0x00007f388dd2b000

Code Cache  [0x00007f3881000000, 0x00007f38813f0000, 0x00007f3884000000)
 total_blobs=1285 nmethods=1054 adapters=184 free_code_cache=45222Kb largest_free_block=46252992

Compilation events (10 events):
Event: 54,229 Thread 0x00007f38840aa800 nmethod 1076 0x00007f38813d1c50 code [0x00007f38813d1d80, 0x00007f38813d1dd8]
Event: 54,229 Thread 0x00007f38840aa800 1077             com.android.dx.rop.code.BasicBlockList$RegCountVisitor::visitThrowingInsn (6 bytes)
Event: 54,242 Thread 0x00007f38840aa800 nmethod 1077 0x00007f38813d84d0 code [0x00007f38813d8640, 0x00007f38813d8918]
Event: 54,242 Thread 0x00007f38840aa800 1078             com.android.dx.rop.code.ThrowingInsn::getCatches (5 bytes)
Event: 54,242 Thread 0x00007f38840aa800 nmethod 1078 0x00007f38813d8ed0 code [0x00007f38813d9000, 0x00007f38813d9058]
Event: 54,242 Thread 0x00007f38840aa800 1079             com.android.dx.ssa.Dominators::run (506 bytes)
Event: 54,362 Thread 0x00007f38840aa800 nmethod 1079 0x00007f38813dffd0 code [0x00007f38813e0340, 0x00007f38813e1bc0]
Event: 54,362 Thread 0x00007f38840aa800 1080             com.android.dx.ssa.SetFactory::makeDomFrontSet (26 bytes)
Event: 54,366 Thread 0x00007f38840aa800 nmethod 1080 0x00007f38813dde90 code [0x00007f38813de000, 0x00007f38813de338]
Event: 54,366 Thread 0x00007f38840aa800 1081 %           com.android.dx.ssa.DomFront::run @ 170 (264 bytes)

GC Heap History (10 events):
Event: 27,575 GC heap after
Heap after GC invocations=12 (full 1):
 PSYoungGen      total 115200K, used 13062K [0x00000000eaa80000, 0x00000000f6b00000, 0x0000000100000000)
  eden space 94208K, 0% used [0x00000000eaa80000,0x00000000eaa80000,0x00000000f0680000)
  from space 20992K, 62% used [0x00000000f0680000,0x00000000f1341ad8,0x00000000f1b00000)
  to   space 23040K, 0% used [0x00000000f5480000,0x00000000f5480000,0x00000000f6b00000)
 ParOldGen       total 78848K, used 41330K [0x00000000c0000000, 0x00000000c4d00000, 0x00000000eaa80000)
  object space 78848K, 52% used [0x00000000c0000000,0x00000000c285caf8,0x00000000c4d00000)
 PSPermGen       total 21504K, used 6363K [0x00000000b5a00000, 0x00000000b6f00000, 0x00000000c0000000)
  object space 21504K, 29% used [0x00000000b5a00000,0x00000000b6036fb0,0x00000000b6f00000)
}
Event: 31,108 GC heap before
{Heap before GC invocations=13 (full 1):
 PSYoungGen      total 115200K, used 107270K [0x00000000eaa80000, 0x00000000f6b00000, 0x0000000100000000)
  eden space 94208K, 100% used [0x00000000eaa80000,0x00000000f0680000,0x00000000f0680000)
  from space 20992K, 62% used [0x00000000f0680000,0x00000000f1341ad8,0x00000000f1b00000)
  to   space 23040K, 0% used [0x00000000f5480000,0x00000000f5480000,0x00000000f6b00000)
 ParOldGen       total 78848K, used 41330K [0x00000000c0000000, 0x00000000c4d00000, 0x00000000eaa80000)
  object space 78848K, 52% used [0x00000000c0000000,0x00000000c285caf8,0x00000000c4d00000)
 PSPermGen       total 21504K, used 6378K [0x00000000b5a00000, 0x00000000b6f00000, 0x00000000c0000000)
  object space 21504K, 29% used [0x00000000b5a00000,0x00000000b603aab0,0x00000000b6f00000)
Event: 31,392 GC heap after
Heap after GC invocations=13 (full 1):
 PSYoungGen      total 133632K, used 16243K [0x00000000eaa80000, 0x00000000f6480000, 0x0000000100000000)
  eden space 117248K, 0% used [0x00000000eaa80000,0x00000000eaa80000,0x00000000f1d00000)
  from space 16384K, 99% used [0x00000000f5480000,0x00000000f645cf30,0x00000000f6480000)
  to   space 24064K, 0% used [0x00000000f3580000,0x00000000f3580000,0x00000000f4d00000)
 ParOldGen       total 78848K, used 53590K [0x00000000c0000000, 0x00000000c4d00000, 0x00000000eaa80000)
  object space 78848K, 67% used [0x00000000c0000000,0x00000000c3455b18,0x00000000c4d00000)
 PSPermGen       total 21504K, used 6378K [0x00000000b5a00000, 0x00000000b6f00000, 0x00000000c0000000)
  object space 21504K, 29% used [0x00000000b5a00000,0x00000000b603aab0,0x00000000b6f00000)
}
Event: 34,814 GC heap before
{Heap before GC invocations=14 (full 1):
 PSYoungGen      total 133632K, used 133491K [0x00000000eaa80000, 0x00000000f6480000, 0x0000000100000000)
  eden space 117248K, 100% used [0x00000000eaa80000,0x00000000f1d00000,0x00000000f1d00000)
  from space 16384K, 99% used [0x00000000f5480000,0x00000000f645cf30,0x00000000f6480000)
  to   space 24064K, 0% used [0x00000000f3580000,0x00000000f3580000,0x00000000f4d00000)
 ParOldGen       total 78848K, used 53590K [0x00000000c0000000, 0x00000000c4d00000, 0x00000000eaa80000)
  object space 78848K, 67% used [0x00000000c0000000,0x00000000c3455b18,0x00000000c4d00000)
 PSPermGen       total 21504K, used 6400K [0x00000000b5a00000, 0x00000000b6f00000, 0x00000000c0000000)
  object space 21504K, 29% used [0x00000000b5a00000,0x00000000b6040250,0x00000000b6f00000)
Event: 35,061 GC heap after
Heap after GC invocations=14 (full 1):
 PSYoungGen      total 166400K, used 24051K [0x00000000eaa80000, 0x00000000f7a00000, 0x0000000100000000)
  eden space 142336K, 0% used [0x00000000eaa80000,0x00000000eaa80000,0x00000000f3580000)
  from space 24064K, 99% used [0x00000000f3580000,0x00000000f4cfcf50,0x00000000f4d00000)
  to   space 32256K, 0% used [0x00000000f5a80000,0x00000000f5a80000,0x00000000f7a00000)
 ParOldGen       total 78848K, used 64910K [0x00000000c0000000, 0x00000000c4d00000, 0x00000000eaa80000)
  object space 78848K, 82% used [0x00000000c0000000,0x00000000c3f63938,0x00000000c4d00000)
 PSPermGen       total 21504K, used 6400K [0x00000000b5a00000, 0x00000000b6f00000, 0x00000000c0000000)
  object space 21504K, 29% used [0x00000000b5a00000,0x00000000b6040250,0x00000000b6f00000)
}
Event: 35,061 GC heap before
{Heap before GC invocations=15 (full 2):
 PSYoungGen      total 166400K, used 24051K [0x00000000eaa80000, 0x00000000f7a00000, 0x0000000100000000)
  eden space 142336K, 0% used [0x00000000eaa80000,0x00000000eaa80000,0x00000000f3580000)
  from space 24064K, 99% used [0x00000000f3580000,0x00000000f4cfcf50,0x00000000f4d00000)
  to   space 32256K, 0% used [0x00000000f5a80000,0x00000000f5a80000,0x00000000f7a00000)
 ParOldGen       total 78848K, used 64910K [0x00000000c0000000, 0x00000000c4d00000, 0x00000000eaa80000)
  object space 78848K, 82% used [0x00000000c0000000,0x00000000c3f63938,0x00000000c4d00000)
 PSPermGen       total 21504K, used 6400K [0x00000000b5a00000, 0x00000000b6f00000, 0x00000000c0000000)
  object space 21504K, 29% used [0x00000000b5a00000,0x00000000b6040250,0x00000000b6f00000)
Event: 36,885 GC heap after
Heap after GC invocations=15 (full 2):
 PSYoungGen      total 166400K, used 9192K [0x00000000eaa80000, 0x00000000f7a00000, 0x0000000100000000)
  eden space 142336K, 0% used [0x00000000eaa80000,0x00000000eaa80000,0x00000000f3580000)
  from space 24064K, 38% used [0x00000000f3580000,0x00000000f3e7a1d0,0x00000000f4d00000)
  to   space 32256K, 0% used [0x00000000f5a80000,0x00000000f5a80000,0x00000000f7a00000)
 ParOldGen       total 138752K, used 78466K [0x00000000c0000000, 0x00000000c8780000, 0x00000000eaa80000)
  object space 138752K, 56% used [0x00000000c0000000,0x00000000c4ca0878,0x00000000c8780000)
 PSPermGen       total 21504K, used 6399K [0x00000000b5a00000, 0x00000000b6f00000, 0x00000000c0000000)
  object space 21504K, 29% used [0x00000000b5a00000,0x00000000b603fe50,0x00000000b6f00000)
}
Event: 44,688 GC heap before
{Heap before GC invocations=16 (full 2):
 PSYoungGen      total 166400K, used 151528K [0x00000000eaa80000, 0x00000000f7a00000, 0x0000000100000000)
  eden space 142336K, 100% used [0x00000000eaa80000,0x00000000f3580000,0x00000000f3580000)
  from space 24064K, 38% used [0x00000000f3580000,0x00000000f3e7a1d0,0x00000000f4d00000)
  to   space 32256K, 0% used [0x00000000f5a80000,0x00000000f5a80000,0x00000000f7a00000)
 ParOldGen       total 138752K, used 78466K [0x00000000c0000000, 0x00000000c8780000, 0x00000000eaa80000)
  object space 138752K, 56% used [0x00000000c0000000,0x00000000c4ca0878,0x00000000c8780000)
 PSPermGen       total 21504K, used 6418K [0x00000000b5a00000, 0x00000000b6f00000, 0x00000000c0000000)
  object space 21504K, 29% used [0x00000000b5a00000,0x00000000b6044b10,0x00000000b6f00000)
Event: 45,715 GC heap after
Heap after GC invocations=16 (full 2):
 PSYoungGen      total 169984K, used 32252K [0x00000000eaa80000, 0x00000000f9f00000, 0x0000000100000000)
  eden space 137728K, 0% used [0x00000000eaa80000,0x00000000eaa80000,0x00000000f3100000)
  from space 32256K, 99% used [0x00000000f5a80000,0x00000000f79ff108,0x00000000f7a00000)
  to   space 42496K, 0% used [0x00000000f3100000,0x00000000f3100000,0x00000000f5a80000)
 ParOldGen       total 138752K, used 90923K [0x00000000c0000000, 0x00000000c8780000, 0x00000000eaa80000)
  object space 138752K, 65% used [0x00000000c0000000,0x00000000c58cac70,0x00000000c8780000)
 PSPermGen       total 21504K, used 6418K [0x00000000b5a00000, 0x00000000b6f00000, 0x00000000c0000000)
  object space 21504K, 29% used [0x00000000b5a00000,0x00000000b6044b10,0x00000000b6f00000)
}
Event: 54,376 GC heap before
{Heap before GC invocations=17 (full 2):
 PSYoungGen      total 169984K, used 169980K [0x00000000eaa80000, 0x00000000f9f00000, 0x0000000100000000)
  eden space 137728K, 100% used [0x00000000eaa80000,0x00000000f3100000,0x00000000f3100000)
  from space 32256K, 99% used [0x00000000f5a80000,0x00000000f79ff108,0x00000000f7a00000)
  to   space 42496K, 0% used [0x00000000f3100000,0x00000000f3100000,0x00000000f5a80000)
 ParOldGen       total 138752K, used 90923K [0x00000000c0000000, 0x00000000c8780000, 0x00000000eaa80000)
  object space 138752K, 65% used [0x00000000c0000000,0x00000000c58cac70,0x00000000c8780000)
 PSPermGen       total 21504K, used 6430K [0x00000000b5a00000, 0x00000000b6f00000, 0x00000000c0000000)
  object space 21504K, 29% used [0x00000000b5a00000,0x00000000b6047840,0x00000000b6f00000)

Deoptimization events (10 events):
Event: 37,074 Thread 0x00007f38841ea000 Uncommon trap: reason=class_check action=maybe_recompile pc=0x00007f388114dce8 method=com.android.dx.ssa.SCCP.replaceConstants()V @ 127
Event: 46,443 Thread 0x00007f38841e6800 Uncommon trap: reason=predicate action=maybe_recompile pc=0x00007f38810d1190 method=com.android.dx.ssa.DomFront.run()[Lcom/android/dx/ssa/DomFront$DomInfo; @ 175
Event: 51,424 Thread 0x00007f38841e6800 Uncommon trap: reason=unstable_if action=reinterpret pc=0x00007f38811e3194 method=java.util.TimSort.sort([Ljava/lang/Object;IILjava/util/Comparator;)V @ 34
Event: 51,576 Thread 0x00007f38841e6800 Uncommon trap: reason=predicate action=maybe_recompile pc=0x00007f38811d991c method=com.android.dx.ssa.back.InterferenceGraph.<init>(I)V @ 23
Event: 51,576 Thread 0x00007f38841e6800 Uncommon trap: reason=unstable_if action=reinterpret pc=0x00007f38811fecf0 method=com.android.dx.ssa.SetFactory.makeInterferenceSet(I)Lcom/android/dx/util/IntSet; @ 4
Event: 51,579 Thread 0x00007f38841e6800 Uncommon trap: reason=unloaded action=reinterpret pc=0x00007f388108c854 method=com.android.dx.ssa.SetFactory.makeLivenessSet(I)Lcom/android/dx/util/IntSet; @ 18
Event: 51,579 Thread 0x00007f38841e6800 Uncommon trap: reason=class_check action=maybe_recompile pc=0x00007f38812348b4 method=com.android.dx.ssa.back.InterferenceGraph.add(II)V @ 19
Event: 51,579 Thread 0x00007f38841e6800 Uncommon trap: reason=class_check action=maybe_recompile pc=0x00007f38812348b4 method=com.android.dx.ssa.back.InterferenceGraph.add(II)V @ 19
Event: 51,579 Thread 0x00007f38841e6800 Uncommon trap: reason=class_check action=maybe_recompile pc=0x00007f38812348b4 method=com.android.dx.ssa.back.InterferenceGraph.add(II)V @ 19
Event: 51,579 Thread 0x00007f38841e6800 Uncommon trap: reason=class_check action=maybe_recompile pc=0x00007f38812348b4 method=com.android.dx.ssa.back.InterferenceGraph.add(II)V @ 19

Internal exceptions (10 events):
Event: 12,282 Thread 0x00007f38841e6800 Threw 0x00000000ebc45570 at /build/openjdk-7-zaTxYK/openjdk-7-7u91-2.6.3/build/openjdk/hotspot/src/share/vm/prims/jvm.cpp:1322
Event: 15,820 Thread 0x00007f388400a800 Threw 0x00000000ebe6ebb0 at /build/openjdk-7-zaTxYK/openjdk-7-7u91-2.6.3/build/openjdk/hotspot/src/share/vm/prims/jvm.cpp:1322
Event: 16,109 Thread 0x00007f38841e6800 Implicit null exception at 0x00007f3881105b17 to 0x00007f3881107745
Event: 18,901 Thread 0x00007f38841ec800 Implicit null exception at 0x00007f388113203d to 0x00007f3881135b6d
Event: 20,846 Thread 0x00007f388400a800 Implicit null exception at 0x00007f3881168f1b to 0x00007f3881169605
Event: 33,698 Thread 0x00007f388400a800 Implicit null exception at 0x00007f3881242faf to 0x00007f388124610d
Event: 34,374 Thread 0x00007f38841ec800 Threw 0x00000000f0a3e748 at /build/openjdk-7-zaTxYK/openjdk-7-7u91-2.6.3/build/openjdk/hotspot/src/share/vm/prims/jvm.cpp:1322
Event: 40,315 Thread 0x00007f388400a800 Threw 0x00000000f20c1788 at /build/openjdk-7-zaTxYK/openjdk-7-7u91-2.6.3/build/openjdk/hotspot/src/share/vm/prims/jvm.cpp:1322
Event: 46,650 Thread 0x00007f38841e6800 Threw 0x00000000f07aa9a8 at /build/openjdk-7-zaTxYK/openjdk-7-7u91-2.6.3/build/openjdk/hotspot/src/share/vm/prims/jvm.cpp:1322
Event: 51,188 Thread 0x00007f38841e6800 Threw 0x00000000f092f878 at /build/openjdk-7-zaTxYK/openjdk-7-7u91-2.6.3/build/openjdk/hotspot/src/share/vm/prims/jvm.cpp:1322

Events (10 events):
Event: 51,579 Thread 0x00007f38841e6800 Uncommon trap: trap_request=0xffffffde fr.pc=0x00007f38812348b4
Event: 51,579 Thread 0x00007f38841e6800 DEOPT PACKING pc=0x00007f38812348b4 sp=0x00007f3878d40040
Event: 51,579 Thread 0x00007f38841e6800 DEOPT UNPACKING pc=0x00007f3881039445 sp=0x00007f3878d40028 mode 2
Event: 51,579 Thread 0x00007f38841e6800 Uncommon trap: trap_request=0xffffffde fr.pc=0x00007f38812348b4
Event: 51,579 Thread 0x00007f38841e6800 DEOPT PACKING pc=0x00007f38812348b4 sp=0x00007f3878d40040
Event: 51,579 Thread 0x00007f38841e6800 DEOPT UNPACKING pc=0x00007f3881039445 sp=0x00007f3878d40028 mode 2
Event: 51,579 Thread 0x00007f38841e6800 Uncommon trap: trap_request=0xffffffde fr.pc=0x00007f38812348b4
Event: 51,579 Thread 0x00007f38841e6800 DEOPT PACKING pc=0x00007f38812348b4 sp=0x00007f3878d40040
Event: 51,579 Thread 0x00007f38841e6800 DEOPT UNPACKING pc=0x00007f3881039445 sp=0x00007f3878d40028 mode 2
Event: 54,376 Executing VM operation: ParallelGCFailedAllocation


Dynamic libraries:
00400000-00401000 r-xp 00000000 08:09 5379178                            /usr/lib/jvm/java-7-openjdk-amd64/jre/bin/java
00600000-00601000 r--p 00000000 08:09 5379178                            /usr/lib/jvm/java-7-openjdk-amd64/jre/bin/java
00601000-00602000 rw-p 00001000 08:09 5379178                            /usr/lib/jvm/java-7-openjdk-amd64/jre/bin/java
013e5000-01406000 rw-p 00000000 00:00 0                                  [heap]
b5a00000-b6f00000 rw-p 00000000 00:00 0 
b6f00000-c0000000 rw-p 00000000 00:00 0 
c0000000-c8780000 rw-p 00000000 00:00 0 
c8780000-eaa80000 rw-p 00000000 00:00 0 
eaa80000-f9f00000 rw-p 00000000 00:00 0 
fd380000-100000000 rw-p 00000000 00:00 0 
7f3834000000-7f3834021000 rw-p 00000000 00:00 0 
7f3834021000-7f3838000000 ---p 00000000 00:00 0 
7f3838000000-7f3838038000 rw-p 00000000 00:00 0 
7f3838038000-7f383c000000 ---p 00000000 00:00 0 
7f383c000000-7f383c021000 rw-p 00000000 00:00 0 
7f383c021000-7f3840000000 ---p 00000000 00:00 0 
7f3840000000-7f3840031000 rw-p 00000000 00:00 0 
7f3840031000-7f3844000000 ---p 00000000 00:00 0 
7f3844000000-7f3844021000 rw-p 00000000 00:00 0 
7f3844021000-7f3848000000 ---p 00000000 00:00 0 
7f3848000000-7f384802e000 rw-p 00000000 00:00 0 
7f384802e000-7f384c000000 ---p 00000000 00:00 0 
7f384c000000-7f384dcef000 rw-p 00000000 00:00 0 
7f384dcef000-7f3850000000 ---p 00000000 00:00 0 
7f3850000000-7f3850021000 rw-p 00000000 00:00 0 
7f3850021000-7f3854000000 ---p 00000000 00:00 0 
7f3854000000-7f3854021000 rw-p 00000000 00:00 0 
7f3854021000-7f3858000000 ---p 00000000 00:00 0 
7f3858000000-7f3859702000 rw-p 00000000 00:00 0 
7f3859702000-7f385c000000 ---p 00000000 00:00 0 
7f385c000000-7f385c021000 rw-p 00000000 00:00 0 
7f385c021000-7f3860000000 ---p 00000000 00:00 0 
7f3860000000-7f3860021000 rw-p 00000000 00:00 0 
7f3860021000-7f3864000000 ---p 00000000 00:00 0 
7f3864000000-7f3864021000 rw-p 00000000 00:00 0 
7f3864021000-7f3868000000 ---p 00000000 00:00 0 
7f3868000000-7f3868242000 rw-p 00000000 00:00 0 
7f3868242000-7f386c000000 ---p 00000000 00:00 0 
7f386c000000-7f386c021000 rw-p 00000000 00:00 0 
7f386c021000-7f3870000000 ---p 00000000 00:00 0 
7f3874000000-7f3874021000 rw-p 00000000 00:00 0 
7f3874021000-7f3878000000 ---p 00000000 00:00 0 
7f3878a3f000-7f3878a42000 ---p 00000000 00:00 0 
7f3878a42000-7f3878b40000 rw-p 00000000 00:00 0 
7f3878b40000-7f3878b43000 ---p 00000000 00:00 0 
7f3878b43000-7f3878c41000 rw-p 00000000 00:00 0 
7f3878c41000-7f3878c44000 ---p 00000000 00:00 0 
7f3878c44000-7f3878d42000 rw-p 00000000 00:00 0                          [stack:12319]
7f3878d42000-7f3878d45000 ---p 00000000 00:00 0 
7f3878d45000-7f3878e43000 rw-p 00000000 00:00 0                          [stack:12317]
7f3878e43000-7f3878e46000 ---p 00000000 00:00 0 
7f3878e46000-7f3878f44000 rw-p 00000000 00:00 0 
7f3878f44000-7f3878f81000 r-xp 00000000 08:09 19402936                   /lib/x86_64-linux-gnu/libpcre.so.3.13.1
7f3878f81000-7f3879180000 ---p 0003d000 08:09 19402936                   /lib/x86_64-linux-gnu/libpcre.so.3.13.1
7f3879180000-7f3879181000 r--p 0003c000 08:09 19402936                   /lib/x86_64-linux-gnu/libpcre.so.3.13.1
7f3879181000-7f3879182000 rw-p 0003d000 08:09 19402936                   /lib/x86_64-linux-gnu/libpcre.so.3.13.1
7f3879182000-7f3879189000 r-xp 00000000 08:09 4981115                    /usr/lib/x86_64-linux-gnu/libffi.so.6.0.1
7f3879189000-7f3879388000 ---p 00007000 08:09 4981115                    /usr/lib/x86_64-linux-gnu/libffi.so.6.0.1
7f3879388000-7f3879389000 r--p 00006000 08:09 4981115                    /usr/lib/x86_64-linux-gnu/libffi.so.6.0.1
7f3879389000-7f387938a000 rw-p 00007000 08:09 4981115                    /usr/lib/x86_64-linux-gnu/libffi.so.6.0.1
7f387938a000-7f38793a1000 r-xp 00000000 08:09 19402959                   /lib/x86_64-linux-gnu/libresolv-2.19.so
7f38793a1000-7f38795a1000 ---p 00017000 08:09 19402959                   /lib/x86_64-linux-gnu/libresolv-2.19.so
7f38795a1000-7f38795a2000 r--p 00017000 08:09 19402959                   /lib/x86_64-linux-gnu/libresolv-2.19.so
7f38795a2000-7f38795a3000 rw-p 00018000 08:09 19402959                   /lib/x86_64-linux-gnu/libresolv-2.19.so
7f38795a3000-7f38795a5000 rw-p 00000000 00:00 0 
7f38795a5000-7f38795c5000 r-xp 00000000 08:09 19402963                   /lib/x86_64-linux-gnu/libselinux.so.1
7f38795c5000-7f38797c4000 ---p 00020000 08:09 19402963                   /lib/x86_64-linux-gnu/libselinux.so.1
7f38797c4000-7f38797c5000 r--p 0001f000 08:09 19402963                   /lib/x86_64-linux-gnu/libselinux.so.1
7f38797c5000-7f38797c6000 rw-p 00020000 08:09 19402963                   /lib/x86_64-linux-gnu/libselinux.so.1
7f38797c6000-7f38797c8000 rw-p 00000000 00:00 0 
7f38797c8000-7f38798ce000 r-xp 00000000 08:09 19402864                   /lib/x86_64-linux-gnu/libglib-2.0.so.0.4002.0
7f38798ce000-7f3879acd000 ---p 00106000 08:09 19402864                   /lib/x86_64-linux-gnu/libglib-2.0.so.0.4002.0
7f3879acd000-7f3879ace000 r--p 00105000 08:09 19402864                   /lib/x86_64-linux-gnu/libglib-2.0.so.0.4002.0
7f3879ace000-7f3879acf000 rw-p 00106000 08:09 19402864                   /lib/x86_64-linux-gnu/libglib-2.0.so.0.4002.0
7f3879acf000-7f387c000000 rw-p 00000000 00:00 0 
7f387c000000-7f387c021000 rw-p 00000000 00:00 0 
7f387c021000-7f3880000000 ---p 00000000 00:00 0 
7f388000a000-7f388000d000 r-xp 00000000 08:09 4988825                    /usr/lib/x86_64-linux-gnu/libgmodule-2.0.so.0.4002.0
7f388000d000-7f388020c000 ---p 00003000 08:09 4988825                    /usr/lib/x86_64-linux-gnu/libgmodule-2.0.so.0.4002.0
7f388020c000-7f388020d000 r--p 00002000 08:09 4988825                    /usr/lib/x86_64-linux-gnu/libgmodule-2.0.so.0.4002.0
7f388020d000-7f388020e000 rw-p 00003000 08:09 4988825                    /usr/lib/x86_64-linux-gnu/libgmodule-2.0.so.0.4002.0
7f388020e000-7f388025d000 r-xp 00000000 08:09 4988841                    /usr/lib/x86_64-linux-gnu/libgobject-2.0.so.0.4002.0
7f388025d000-7f388045d000 ---p 0004f000 08:09 4988841                    /usr/lib/x86_64-linux-gnu/libgobject-2.0.so.0.4002.0
7f388045d000-7f388045e000 r--p 0004f000 08:09 4988841                    /usr/lib/x86_64-linux-gnu/libgobject-2.0.so.0.4002.0
7f388045e000-7f388045f000 rw-p 00050000 08:09 4988841                    /usr/lib/x86_64-linux-gnu/libgobject-2.0.so.0.4002.0
7f388045f000-7f38805cb000 r-xp 00000000 08:09 4988813                    /usr/lib/x86_64-linux-gnu/libgio-2.0.so.0.4002.0
7f38805cb000-7f38807ca000 ---p 0016c000 08:09 4988813                    /usr/lib/x86_64-linux-gnu/libgio-2.0.so.0.4002.0
7f38807ca000-7f38807ce000 r--p 0016b000 08:09 4988813                    /usr/lib/x86_64-linux-gnu/libgio-2.0.so.0.4002.0
7f38807ce000-7f38807d0000 rw-p 0016f000 08:09 4988813                    /usr/lib/x86_64-linux-gnu/libgio-2.0.so.0.4002.0
7f38807d0000-7f38807d2000 rw-p 00000000 00:00 0 
7f38807d2000-7f38807e9000 r-xp 00000000 08:09 5379241                    /usr/lib/jvm/java-7-openjdk-amd64/jre/lib/amd64/libnet.so
7f38807e9000-7f38809e8000 ---p 00017000 08:09 5379241                    /usr/lib/jvm/java-7-openjdk-amd64/jre/lib/amd64/libnet.so
7f38809e8000-7f38809e9000 r--p 00016000 08:09 5379241                    /usr/lib/jvm/java-7-openjdk-amd64/jre/lib/amd64/libnet.so
7f38809e9000-7f38809ea000 rw-p 00017000 08:09 5379241                    /usr/lib/jvm/java-7-openjdk-amd64/jre/lib/amd64/libnet.so
7f38809ea000-7f38809fa000 r-xp 00000000 08:09 5379208                    /usr/lib/jvm/java-7-openjdk-amd64/jre/lib/amd64/libnio.so
7f38809fa000-7f3880bfa000 ---p 00010000 08:09 5379208                    /usr/lib/jvm/java-7-openjdk-amd64/jre/lib/amd64/libnio.so
7f3880bfa000-7f3880bfb000 r--p 00010000 08:09 5379208                    /usr/lib/jvm/java-7-openjdk-amd64/jre/lib/amd64/libnio.so
7f3880bfb000-7f3880bfc000 rw-p 00011000 08:09 5379208                    /usr/lib/jvm/java-7-openjdk-amd64/jre/lib/amd64/libnio.so
7f3880bfc000-7f3880bfd000 ---p 00000000 00:00 0 
7f3880bfd000-7f3880cfd000 rw-p 00000000 00:00 0                          [stack:12301]
7f3880cfd000-7f3880d00000 ---p 00000000 00:00 0 
7f3880d00000-7f3880dfe000 rw-p 00000000 00:00 0                          [stack:12299]
7f3880dfe000-7f3880e01000 ---p 00000000 00:00 0 
7f3880e01000-7f3880eff000 rw-p 00000000 00:00 0                          [stack:12297]
7f3880eff000-7f3880f02000 ---p 00000000 00:00 0 
7f3880f02000-7f3881000000 rw-p 00000000 00:00 0                          [stack:12290]
7f3881000000-7f38813f0000 rwxp 00000000 00:00 0 
7f38813f0000-7f3884233000 rw-p 00000000 00:00 0 
7f3884233000-7f3888000000 ---p 00000000 00:00 0 
7f3888050000-7f388805f000 r--s 000df000 08:09 23470492                   /home/elton/Android/Sdk/build-tools/23.0.2/lib/dx.jar
7f388805f000-7f3888062000 ---p 00000000 00:00 0 
7f3888062000-7f3888160000 rw-p 00000000 00:00 0                          [stack:12286]
7f3888160000-7f3888843000 r--p 00000000 08:09 4987445                    /usr/lib/locale/locale-archive
7f3888843000-7f3888846000 ---p 00000000 00:00 0 
7f3888846000-7f3888944000 rw-p 00000000 00:00 0                          [stack:12282]
7f3888944000-7f3888947000 ---p 00000000 00:00 0 
7f3888947000-7f3888a45000 rw-p 00000000 00:00 0                          [stack:12275]
7f3888a45000-7f3888a46000 ---p 00000000 00:00 0 
7f3888a46000-7f3889b43000 rw-p 00000000 00:00 0                          [stack:12272]
7f3889b43000-7f3889cf5000 r--s 01d2e000 08:09 5379201                    /usr/lib/jvm/java-7-openjdk-amd64/jre/lib/rt.jar
7f3889cf5000-7f388a041000 rw-p 00000000 00:00 0 
7f388a041000-7f388a042000 ---p 00000000 00:00 0 
7f388a042000-7f388a142000 rw-p 00000000 00:00 0                          [stack:12269]
7f388a142000-7f388a143000 ---p 00000000 00:00 0 
7f388a143000-7f388a243000 rw-p 00000000 00:00 0                          [stack:12266]
7f388a243000-7f388a244000 ---p 00000000 00:00 0 
7f388a244000-7f388a344000 rw-p 00000000 00:00 0                          [stack:12261]
7f388a344000-7f388a345000 ---p 00000000 00:00 0 
7f388a345000-7f388a450000 rw-p 00000000 00:00 0                          [stack:12255]
7f388a450000-7f388a498000 rw-p 00000000 00:00 0 
7f388a498000-7f388a4dc000 rw-p 00000000 00:00 0 
7f388a4dc000-7f388a5ee000 rw-p 00000000 00:00 0 
7f388a5ee000-7f388a5f9000 rw-p 00000000 00:00 0 
7f388a5f9000-7f388a641000 rw-p 00000000 00:00 0 
7f388a641000-7f388a685000 rw-p 00000000 00:00 0 
7f388a685000-7f388a796000 rw-p 00000000 00:00 0 
7f388a796000-7f388a811000 rw-p 00000000 00:00 0 
7f388a811000-7f388a841000 rw-p 00000000 00:00 0 
7f388a841000-7f388a842000 rw-p 00000000 00:00 0 
7f388a842000-7f388a84a000 r-xp 00000000 08:09 5379212                    /usr/lib/jvm/java-7-openjdk-amd64/jre/lib/amd64/libzip.so
7f388a84a000-7f388aa49000 ---p 00008000 08:09 5379212                    /usr/lib/jvm/java-7-openjdk-amd64/jre/lib/amd64/libzip.so
7f388aa49000-7f388aa4a000 r--p 00007000 08:09 5379212                    /usr/lib/jvm/java-7-openjdk-amd64/jre/lib/amd64/libzip.so
7f388aa4a000-7f388aa4b000 rw-p 00008000 08:09 5379212                    /usr/lib/jvm/java-7-openjdk-amd64/jre/lib/amd64/libzip.so
7f388aa4b000-7f388aa56000 r-xp 00000000 08:09 19402908                   /lib/x86_64-linux-gnu/libnss_files-2.19.so
7f388aa56000-7f388ac55000 ---p 0000b000 08:09 19402908                   /lib/x86_64-linux-gnu/libnss_files-2.19.so
7f388ac55000-7f388ac56000 r--p 0000a000 08:09 19402908                   /lib/x86_64-linux-gnu/libnss_files-2.19.so
7f388ac56000-7f388ac57000 rw-p 0000b000 08:09 19402908                   /lib/x86_64-linux-gnu/libnss_files-2.19.so
7f388ac57000-7f388ac62000 r-xp 00000000 08:09 19402918                   /lib/x86_64-linux-gnu/libnss_nis-2.19.so
7f388ac62000-7f388ae61000 ---p 0000b000 08:09 19402918                   /lib/x86_64-linux-gnu/libnss_nis-2.19.so
7f388ae61000-7f388ae62000 r--p 0000a000 08:09 19402918                   /lib/x86_64-linux-gnu/libnss_nis-2.19.so
7f388ae62000-7f388ae63000 rw-p 0000b000 08:09 19402918                   /lib/x86_64-linux-gnu/libnss_nis-2.19.so
7f388ae63000-7f388ae7a000 r-xp 00000000 08:09 19402902                   /lib/x86_64-linux-gnu/libnsl-2.19.so
7f388ae7a000-7f388b079000 ---p 00017000 08:09 19402902                   /lib/x86_64-linux-gnu/libnsl-2.19.so
7f388b079000-7f388b07a000 r--p 00016000 08:09 19402902                   /lib/x86_64-linux-gnu/libnsl-2.19.so
7f388b07a000-7f388b07b000 rw-p 00017000 08:09 19402902                   /lib/x86_64-linux-gnu/libnsl-2.19.so
7f388b07b000-7f388b07d000 rw-p 00000000 00:00 0 
7f388b07d000-7f388b086000 r-xp 00000000 08:09 19402904                   /lib/x86_64-linux-gnu/libnss_compat-2.19.so
7f388b086000-7f388b285000 ---p 00009000 08:09 19402904                   /lib/x86_64-linux-gnu/libnss_compat-2.19.so
7f388b285000-7f388b286000 r--p 00008000 08:09 19402904                   /lib/x86_64-linux-gnu/libnss_compat-2.19.so
7f388b286000-7f388b287000 rw-p 00009000 08:09 19402904                   /lib/x86_64-linux-gnu/libnss_compat-2.19.so
7f388b287000-7f388b2b2000 r-xp 00000000 08:09 5379220                    /usr/lib/jvm/java-7-openjdk-amd64/jre/lib/amd64/libjava.so
7f388b2b2000-7f388b4b2000 ---p 0002b000 08:09 5379220                    /usr/lib/jvm/java-7-openjdk-amd64/jre/lib/amd64/libjava.so
7f388b4b2000-7f388b4b3000 r--p 0002b000 08:09 5379220                    /usr/lib/jvm/java-7-openjdk-amd64/jre/lib/amd64/libjava.so
7f388b4b3000-7f388b4b5000 rw-p 0002c000 08:09 5379220                    /usr/lib/jvm/java-7-openjdk-amd64/jre/lib/amd64/libjava.so
7f388b4b5000-7f388b4c5000 r-xp 00000000 08:09 5379236                    /usr/lib/jvm/java-7-openjdk-amd64/jre/lib/amd64/libverify.so
7f388b4c5000-7f388b6c4000 ---p 00010000 08:09 5379236                    /usr/lib/jvm/java-7-openjdk-amd64/jre/lib/amd64/libverify.so
7f388b6c4000-7f388b6c6000 r--p 0000f000 08:09 5379236                    /usr/lib/jvm/java-7-openjdk-amd64/jre/lib/amd64/libverify.so
7f388b6c6000-7f388b6c7000 rw-p 00011000 08:09 5379236                    /usr/lib/jvm/java-7-openjdk-amd64/jre/lib/amd64/libverify.so
7f388b6c7000-7f388b6ce000 r-xp 00000000 08:09 19402961                   /lib/x86_64-linux-gnu/librt-2.19.so
7f388b6ce000-7f388b8cd000 ---p 00007000 08:09 19402961                   /lib/x86_64-linux-gnu/librt-2.19.so
7f388b8cd000-7f388b8ce000 r--p 00006000 08:09 19402961                   /lib/x86_64-linux-gnu/librt-2.19.so
7f388b8ce000-7f388b8cf000 rw-p 00007000 08:09 19402961                   /lib/x86_64-linux-gnu/librt-2.19.so
7f388b8cf000-7f388b8e5000 r-xp 00000000 08:09 19402860                   /lib/x86_64-linux-gnu/libgcc_s.so.1
7f388b8e5000-7f388bae4000 ---p 00016000 08:09 19402860                   /lib/x86_64-linux-gnu/libgcc_s.so.1
7f388bae4000-7f388bae5000 rw-p 00015000 08:09 19402860                   /lib/x86_64-linux-gnu/libgcc_s.so.1
7f388bae5000-7f388bbea000 r-xp 00000000 08:09 19402883                   /lib/x86_64-linux-gnu/libm-2.19.so
7f388bbea000-7f388bde9000 ---p 00105000 08:09 19402883                   /lib/x86_64-linux-gnu/libm-2.19.so
7f388bde9000-7f388bdea000 r--p 00104000 08:09 19402883                   /lib/x86_64-linux-gnu/libm-2.19.so
7f388bdea000-7f388bdeb000 rw-p 00105000 08:09 19402883                   /lib/x86_64-linux-gnu/libm-2.19.so
7f388bdeb000-7f388bed1000 r-xp 00000000 08:09 4989334                    /usr/lib/x86_64-linux-gnu/libstdc++.so.6.0.19
7f388bed1000-7f388c0d0000 ---p 000e6000 08:09 4989334                    /usr/lib/x86_64-linux-gnu/libstdc++.so.6.0.19
7f388c0d0000-7f388c0d8000 r--p 000e5000 08:09 4989334                    /usr/lib/x86_64-linux-gnu/libstdc++.so.6.0.19
7f388c0d8000-7f388c0da000 rw-p 000ed000 08:09 4989334                    /usr/lib/x86_64-linux-gnu/libstdc++.so.6.0.19
7f388c0da000-7f388c0ef000 rw-p 00000000 00:00 0 
7f388c0ef000-7f388cc13000 r-xp 00000000 08:09 5379227                    /usr/lib/jvm/java-7-openjdk-amd64/jre/lib/amd64/server/libjvm.so
7f388cc13000-7f388ce13000 ---p 00b24000 08:09 5379227                    /usr/lib/jvm/java-7-openjdk-amd64/jre/lib/amd64/server/libjvm.so
7f388ce13000-7f388cead000 r--p 00b24000 08:09 5379227                    /usr/lib/jvm/java-7-openjdk-amd64/jre/lib/amd64/server/libjvm.so
7f388cead000-7f388ced0000 rw-p 00bbe000 08:09 5379227                    /usr/lib/jvm/java-7-openjdk-amd64/jre/lib/amd64/server/libjvm.so
7f388ced0000-7f388cefe000 rw-p 00000000 00:00 0 
7f388cefe000-7f388cf16000 r-xp 00000000 08:09 19402996                   /lib/x86_64-linux-gnu/libz.so.1.2.8
7f388cf16000-7f388d115000 ---p 00018000 08:09 19402996                   /lib/x86_64-linux-gnu/libz.so.1.2.8
7f388d115000-7f388d116000 r--p 00017000 08:09 19402996                   /lib/x86_64-linux-gnu/libz.so.1.2.8
7f388d116000-7f388d117000 rw-p 00018000 08:09 19402996                   /lib/x86_64-linux-gnu/libz.so.1.2.8
7f388d117000-7f388d130000 r-xp 00000000 08:09 19402953                   /lib/x86_64-linux-gnu/libpthread-2.19.so
7f388d130000-7f388d32f000 ---p 00019000 08:09 19402953                   /lib/x86_64-linux-gnu/libpthread-2.19.so
7f388d32f000-7f388d330000 r--p 00018000 08:09 19402953                   /lib/x86_64-linux-gnu/libpthread-2.19.so
7f388d330000-7f388d331000 rw-p 00019000 08:09 19402953                   /lib/x86_64-linux-gnu/libpthread-2.19.so
7f388d331000-7f388d335000 rw-p 00000000 00:00 0 
7f388d335000-7f388d338000 r-xp 00000000 08:09 19402850                   /lib/x86_64-linux-gnu/libdl-2.19.so
7f388d338000-7f388d537000 ---p 00003000 08:09 19402850                   /lib/x86_64-linux-gnu/libdl-2.19.so
7f388d537000-7f388d538000 r--p 00002000 08:09 19402850                   /lib/x86_64-linux-gnu/libdl-2.19.so
7f388d538000-7f388d539000 rw-p 00003000 08:09 19402850                   /lib/x86_64-linux-gnu/libdl-2.19.so
7f388d539000-7f388d6f4000 r-xp 00000000 08:09 19402833                   /lib/x86_64-linux-gnu/libc-2.19.so
7f388d6f4000-7f388d8f3000 ---p 001bb000 08:09 19402833                   /lib/x86_64-linux-gnu/libc-2.19.so
7f388d8f3000-7f388d8f7000 r--p 001ba000 08:09 19402833                   /lib/x86_64-linux-gnu/libc-2.19.so
7f388d8f7000-7f388d8f9000 rw-p 001be000 08:09 19402833                   /lib/x86_64-linux-gnu/libc-2.19.so
7f388d8f9000-7f388d8fe000 rw-p 00000000 00:00 0 
7f388d8fe000-7f388d90b000 r-xp 00000000 08:09 5379238                    /usr/lib/jvm/java-7-openjdk-amd64/jre/lib/amd64/jli/libjli.so
7f388d90b000-7f388db0a000 ---p 0000d000 08:09 5379238                    /usr/lib/jvm/java-7-openjdk-amd64/jre/lib/amd64/jli/libjli.so
7f388db0a000-7f388db0b000 r--p 0000c000 08:09 5379238                    /usr/lib/jvm/java-7-openjdk-amd64/jre/lib/amd64/jli/libjli.so
7f388db0b000-7f388db0c000 rw-p 0000d000 08:09 5379238                    /usr/lib/jvm/java-7-openjdk-amd64/jre/lib/amd64/jli/libjli.so
7f388db0c000-7f388db2f000 r-xp 00000000 08:09 19402809                   /lib/x86_64-linux-gnu/ld-2.19.so
7f388db2f000-7f388db33000 r--s 0003c000 08:09 5379196                    /usr/lib/jvm/java-7-openjdk-amd64/jre/lib/ext/sunpkcs11.jar
7f388db33000-7f388db37000 r--s 00085000 08:09 5379193                    /usr/lib/jvm/java-7-openjdk-amd64/jre/lib/ext/localedata.jar
7f388db37000-7f388db5f000 rw-p 00000000 00:00 0 
7f388db5f000-7f388dc0f000 rw-p 00000000 00:00 0 
7f388dc0f000-7f388dc12000 ---p 00000000 00:00 0 
7f388dc12000-7f388dd16000 rw-p 00000000 00:00 0                          [stack:12246]
7f388dd16000-7f388dd18000 r--s 00006000 08:09 5379342                    /usr/share/java/java-atk-wrapper.jar
7f388dd18000-7f388dd1b000 r--s 0000f000 08:09 5379194                    /usr/lib/jvm/java-7-openjdk-amd64/jre/lib/ext/icedtea-sound.jar
7f388dd1b000-7f388dd1c000 r--s 00002000 08:09 5379197                    /usr/lib/jvm/java-7-openjdk-amd64/jre/lib/ext/dnsns.jar
7f388dd1c000-7f388dd20000 r--s 00034000 08:09 5379195                    /usr/lib/jvm/java-7-openjdk-amd64/jre/lib/ext/sunjce_provider.jar
7f388dd20000-7f388dd22000 r--s 00012000 08:09 5379192                    /usr/lib/jvm/java-7-openjdk-amd64/jre/lib/ext/zipfs.jar
7f388dd22000-7f388dd2a000 rw-s 00000000 08:09 3670248                    /tmp/hsperfdata_elton/12234
7f388dd2a000-7f388dd2b000 rw-p 00000000 00:00 0 
7f388dd2b000-7f388dd2c000 ---p 00000000 00:00 0 
7f388dd2c000-7f388dd2e000 rw-p 00000000 00:00 0 
7f388dd2e000-7f388dd2f000 r--p 00022000 08:09 19402809                   /lib/x86_64-linux-gnu/ld-2.19.so
7f388dd2f000-7f388dd30000 rw-p 00023000 08:09 19402809                   /lib/x86_64-linux-gnu/ld-2.19.so
7f388dd30000-7f388dd31000 rw-p 00000000 00:00 0 
7ffddbb3f000-7ffddbb60000 rw-p 00000000 00:00 0                          [stack]
7ffddbb67000-7ffddbb69000 r--p 00000000 00:00 0                          [vvar]
7ffddbb69000-7ffddbb6b000 r-xp 00000000 00:00 0                          [vdso]
ffffffffff600000-ffffffffff601000 r-xp 00000000 00:00 0                  [vsyscall]

VM Arguments:
jvm_args: -Djava.awt.headless=true -Xmx1024M -Dfile.encoding=UTF-8 -Duser.country=US -Duser.language=en -Duser.variant 
java_command: com.android.dx.command.Main --dex --num-threads=4 --output /home/elton/workspace/LearningAppEngine/app/build/intermediates/pre-dexed/debug/guava-jdk5-13.0_d4450b35291827817d1ce26e789052bf4d2b1c90.jar /home/elton/.gradle/caches/modules-2/files-2.1/com.google.guava/guava-jdk5/13.0/381ae6c8add7c98e9bcddb1e0b898400cd6fc3f7/guava-jdk5-13.0.jar
Launcher Type: SUN_STANDARD

Environment Variables:
PATH=/usr/local/sbin:/usr/local/bin:/usr/sbin:/usr/bin:/sbin:/bin:/usr/games:/usr/local/games
LD_LIBRARY_PATH=/opt/android-studio/bin:
SHELL=/bin/bash
DISPLAY=:0

Signal Handlers:
SIGSEGV: [libjvm.so+0x9548f0], sa_mask[0]=0x7ffbfeff, sa_flags=0x10000004
SIGBUS: [libjvm.so+0x9548f0], sa_mask[0]=0x7ffbfeff, sa_flags=0x10000004
SIGFPE: [libjvm.so+0x7cb0b0], sa_mask[0]=0x7ffbfeff, sa_flags=0x10000004
SIGPIPE: [libjvm.so+0x7cb0b0], sa_mask[0]=0x7ffbfeff, sa_flags=0x10000004
SIGXFSZ: [libjvm.so+0x7cb0b0], sa_mask[0]=0x7ffbfeff, sa_flags=0x10000004
SIGILL: [libjvm.so+0x7cb0b0], sa_mask[0]=0x7ffbfeff, sa_flags=0x10000004
SIGUSR1: SIG_DFL, sa_mask[0]=0x00000000, sa_flags=0x00000000
SIGUSR2: [libjvm.so+0x7caf50], sa_mask[0]=0x00000004, sa_flags=0x10000004
SIGHUP: [libjvm.so+0x7cb130], sa_mask[0]=0x7ffbfeff, sa_flags=0x10000004
SIGINT: [libjvm.so+0x7cb130], sa_mask[0]=0x7ffbfeff, sa_flags=0x10000004
SIGTERM: [libjvm.so+0x7cb130], sa_mask[0]=0x7ffbfeff, sa_flags=0x10000004
SIGQUIT: [libjvm.so+0x7cb130], sa_mask[0]=0x7ffbfeff, sa_flags=0x10000004
SIGTRAP: SIG_DFL, sa_mask[0]=0x00000000, sa_flags=0x00000000


---------------  S Y S T E M  ---------------

OS:Ubuntu 14.04 (trusty)
uname:Linux 3.19.0-39-generic #44~14.04.1-Ubuntu SMP Wed Dec 2 10:00:35 UTC 2015 x86_64
libc:glibc 2.19 NPTL 2.19 
rlimit: STACK 8192k, CORE 0k, NPROC 15065, NOFILE 4096, AS infinity
load average:41,15 15,71 7,49

/proc/meminfo:
MemTotal:        3957080 kB
MemFree:          109256 kB
MemAvailable:      57480 kB
Buffers:            1044 kB
Cached:           354704 kB
SwapCached:         2992 kB
Active:          2309616 kB
Inactive:         729744 kB
Active(anon):    2303716 kB
Inactive(anon):   704488 kB
Active(file):       5900 kB
Inactive(file):    25256 kB
Unevictable:         168 kB
Mlocked:             168 kB
SwapTotal:        999420 kB
SwapFree:             76 kB
Dirty:               260 kB
Writeback:             0 kB
AnonPages:       2681316 kB
Mapped:           773796 kB
Shmem:            324208 kB
Slab:              75248 kB
SReclaimable:      34216 kB
SUnreclaim:        41032 kB
KernelStack:       12480 kB
PageTables:        45536 kB
NFS_Unstable:          0 kB
Bounce:                0 kB
WritebackTmp:          0 kB
CommitLimit:     2977960 kB
Committed_AS:    9388844 kB
VmallocTotal:   34359738367 kB
VmallocUsed:      357300 kB
VmallocChunk:   34359287940 kB
HardwareCorrupted:     0 kB
AnonHugePages:    929792 kB
CmaTotal:              0 kB
CmaFree:               0 kB
HugePages_Total:       0
HugePages_Free:        0
HugePages_Rsvd:        0
HugePages_Surp:        0
Hugepagesize:       2048 kB
DirectMap4k:      147512 kB
DirectMap2M:     3956736 kB
DirectMap1G:           0 kB


CPU:total 4 (2 cores per cpu, 2 threads per core) family 6 model 61 stepping 4, cmov, cx8, fxsr, mmx, sse, sse2, sse3, ssse3, sse4.1, sse4.2, popcnt, avx, avx2, aes, erms, ht, tsc, tscinvbit

/proc/cpuinfo:
processor	: 0
vendor_id	: GenuineIntel
cpu family	: 6
model		: 61
model name	: Intel(R) Core(TM) i5-5200U CPU @ 2.20GHz
stepping	: 4
microcode	: 0x18
cpu MHz		: 1170.726
cache size	: 3072 KB
physical id	: 0
siblings	: 4
core id		: 0
cpu cores	: 2
apicid		: 0
initial apicid	: 0
fpu		: yes
fpu_exception	: yes
cpuid level	: 20
wp		: yes
flags		: fpu vme de pse tsc msr pae mce cx8 apic sep mtrr pge mca cmov pat pse36 clflush dts acpi mmx fxsr sse sse2 ss ht tm pbe syscall nx pdpe1gb rdtscp lm constant_tsc arch_perfmon pebs bts rep_good nopl xtopology nonstop_tsc aperfmperf eagerfpu pni pclmulqdq dtes64 monitor ds_cpl vmx est tm2 ssse3 fma cx16 xtpr pdcm pcid sse4_1 sse4_2 x2apic movbe popcnt tsc_deadline_timer aes xsave avx f16c rdrand lahf_lm abm 3dnowprefetch ida arat epb pln pts dtherm tpr_shadow vnmi flexpriority ept vpid fsgsbase tsc_adjust bmi1 avx2 smep bmi2 erms invpcid rdseed adx smap xsaveopt
bugs		:
bogomips	: 4390.22
clflush size	: 64
cache_alignment	: 64
address sizes	: 39 bits physical, 48 bits virtual
power management:

processor	: 1
vendor_id	: GenuineIntel
cpu family	: 6
model		: 61
model name	: Intel(R) Core(TM) i5-5200U CPU @ 2.20GHz
stepping	: 4
microcode	: 0x18
cpu MHz		: 988.195
cache size	: 3072 KB
physical id	: 0
siblings	: 4
core id		: 1
cpu cores	: 2
apicid		: 2
initial apicid	: 2
fpu		: yes
fpu_exception	: yes
cpuid level	: 20
wp		: yes
flags		: fpu vme de pse tsc msr pae mce cx8 apic sep mtrr pge mca cmov pat pse36 clflush dts acpi mmx fxsr sse sse2 ss ht tm pbe syscall nx pdpe1gb rdtscp lm constant_tsc arch_perfmon pebs bts rep_good nopl xtopology nonstop_tsc aperfmperf eagerfpu pni pclmulqdq dtes64 monitor ds_cpl vmx est tm2 ssse3 fma cx16 xtpr pdcm pcid sse4_1 sse4_2 x2apic movbe popcnt tsc_deadline_timer aes xsave avx f16c rdrand lahf_lm abm 3dnowprefetch ida arat epb pln pts dtherm tpr_shadow vnmi flexpriority ept vpid fsgsbase tsc_adjust bmi1 avx2 smep bmi2 erms invpcid rdseed adx smap xsaveopt
bugs		:
bogomips	: 4390.22
clflush size	: 64
cache_alignment	: 64
address sizes	: 39 bits physical, 48 bits virtual
power management:

processor	: 2
vendor_id	: GenuineIntel
cpu family	: 6
model		: 61
model name	: Intel(R) Core(TM) i5-5200U CPU @ 2.20GHz
stepping	: 4
microcode	: 0x18
cpu MHz		: 1184.562
cache size	: 3072 KB
physical id	: 0
siblings	: 4
core id		: 0
cpu cores	: 2
apicid		: 1
initial apicid	: 1
fpu		: yes
fpu_exception	: yes
cpuid level	: 20
wp		: yes
flags		: fpu vme de pse tsc msr pae mce cx8 apic sep mtrr pge mca cmov pat pse36 clflush dts acpi mmx fxsr sse sse2 ss ht tm pbe syscall nx pdpe1gb rdtscp lm constant_tsc arch_perfmon pebs bts rep_good nopl xtopology nonstop_tsc aperfmperf eagerfpu pni pclmulqdq dtes64 monitor ds_cpl vmx est tm2 ssse3 fma cx16 xtpr pdcm pcid sse4_1 sse4_2 x2apic movbe popcnt tsc_deadline_timer aes xsave avx f16c rdrand lahf_lm abm 3dnowprefetch ida arat epb pln pts dtherm tpr_shadow vnmi flexpriority ept vpid fsgsbase tsc_adjust bmi1 avx2 smep bmi2 erms invpcid rdseed adx smap xsaveopt
bugs		:
bogomips	: 4390.22
clflush size	: 64
cache_alignment	: 64
address sizes	: 39 bits physical, 48 bits virtual
power management:

processor	: 3
vendor_id	: GenuineIntel
cpu family	: 6
model		: 61
model name	: Intel(R) Core(TM) i5-5200U CPU @ 2.20GHz
stepping	: 4
microcode	: 0x18
cpu MHz		: 763.468
cache size	: 3072 KB
physical id	: 0
siblings	: 4
core id		: 1
cpu cores	: 2
apicid		: 3
initial apicid	: 3
fpu		: yes
fpu_exception	: yes
cpuid level	: 20
wp		: yes
flags		: fpu vme de pse tsc msr pae mce cx8 apic sep mtrr pge mca cmov pat pse36 clflush dts acpi mmx fxsr sse sse2 ss ht tm pbe syscall nx pdpe1gb rdtscp lm constant_tsc arch_perfmon pebs bts rep_good nopl xtopology nonstop_tsc aperfmperf eagerfpu pni pclmulqdq dtes64 monitor ds_cpl vmx est tm2 ssse3 fma cx16 xtpr pdcm pcid sse4_1 sse4_2 x2apic movbe popcnt tsc_deadline_timer aes xsave avx f16c rdrand lahf_lm abm 3dnowprefetch ida arat epb pln pts dtherm tpr_shadow vnmi flexpriority ept vpid fsgsbase tsc_adjust bmi1 avx2 smep bmi2 erms invpcid rdseed adx smap xsaveopt
bugs		:
bogomips	: 4390.22
clflush size	: 64
cache_alignment	: 64
address sizes	: 39 bits physical, 48 bits virtual
power management:



Memory: 4k page, physical 3957080k(109256k free), swap 999420k(76k free)

vm_info: OpenJDK 64-Bit Server VM (24.91-b01) for linux-amd64 JRE (1.7.0_91-b02), built on Nov 19 2015 06:14:37 by "buildd" with gcc 4.8.2

time: Thu Dec 10 23:11:11 2015
elapsed time: 120 seconds

